<?xml version="1.0" encoding="UTF-8"?>
<!-- Generated by org.testng.reporters.JUnitXMLReporter -->
<testsuite hostname="vogel-laptop" name="Default test" tests="4" failures="0" timestamp="28 May 2018 08:50:07 GMT" time="8.653" errors="0">
  <testcase name="verifyEditerbuttonEditFailForDiscontinued" time="0.807" classname="com.excilys.cdb.selenium.EditComputerIT"/>
  <testcase name="verifyEditerbuttonEditFailForDiscontinuedBeforeIntroduced" time="0.76" classname="com.excilys.cdb.selenium.EditComputerIT"/>
  <testcase name="verifyEditerbuttonEditFailForIntroduced" time="0.719" classname="com.excilys.cdb.selenium.EditComputerIT"/>
  <testcase name="verifyEditerbuttonEditOk" time="0.833" classname="com.excilys.cdb.selenium.EditComputerIT"/>
</testsuite> <!-- Default test -->
