<?xml version="1.0" encoding="UTF-8"?>
<testng-results skipped="0" failed="0" total="1" passed="1">
  <reporter-output>
  </reporter-output>
  <suite name="Default suite" duration-ms="5162" started-at="2018-04-30T15:22:15Z" finished-at="2018-04-30T15:22:21Z">
    <groups>
    </groups>
    <test name="Default test" duration-ms="5162" started-at="2018-04-30T15:22:15Z" finished-at="2018-04-30T15:22:21Z">
      <class name="com.excilys.cdb.selenium.NewTest">
        <test-method status="PASS" signature="beforeClass()[pri:0, instance:com.excilys.cdb.selenium.NewTest@3c0f93f1]" name="beforeClass" is-config="true" duration-ms="3103" started-at="2018-04-30T17:22:15Z" finished-at="2018-04-30T17:22:19Z">
          <reporter-output>
          </reporter-output>
        </test-method> <!-- beforeClass -->
        <test-method status="PASS" signature="verifySearchButton()[pri:0, instance:com.excilys.cdb.selenium.NewTest@3c0f93f1]" name="verifySearchButton" duration-ms="1336" started-at="2018-04-30T17:22:19Z" finished-at="2018-04-30T17:22:20Z">
          <reporter-output>
          </reporter-output>
        </test-method> <!-- verifySearchButton -->
        <test-method status="PASS" signature="afterClass()[pri:0, instance:com.excilys.cdb.selenium.NewTest@3c0f93f1]" name="afterClass" is-config="true" duration-ms="700" started-at="2018-04-30T17:22:20Z" finished-at="2018-04-30T17:22:21Z">
          <reporter-output>
          </reporter-output>
        </test-method> <!-- afterClass -->
      </class> <!-- com.excilys.cdb.selenium.NewTest -->
    </test> <!-- Default test -->
  </suite> <!-- Default suite -->
</testng-results>
